


ARM Macro Assembler    Page 1 


    1 00000000         ;******************** (C) COPYRIGHT 2008 LUMINARY LM3S21
                       xx ********************
    2 00000000         ;* File Name          : LM3S21xx_Vect.s
    3 00000000         ;* Author             : ’≈¡¶’Û
    4 00000000         ;* ÷–∂œœÚ¡ø±Ì
    5 00000000         ;*******************************************************
                       ************************/
    6 00000000         
    7 00000000         ;*******************************************************
                       ***********************
    8 00000000         ;
    9 00000000         ; <o> Stack Size (in Bytes) <0x0-0xFFFFFFFF:8>
   10 00000000         ;
   11 00000000         ;*******************************************************
                       ***********************
   12 00000000 00000200 
                       Stack   EQU              0x00000200
   13 00000000         
   14 00000000         ;*******************************************************
                       ***********************
   15 00000000         ;
   16 00000000         ; <o> Heap Size (in Bytes) <0x0-0xFFFFFFFF:8>
   17 00000000         ;
   18 00000000         ;*******************************************************
                       ***********************
   19 00000000 00000000 
                       Heap    EQU              0x00000000
   20 00000000         
   21 00000000         ;*******************************************************
                       ***********************
   22 00000000         ;
   23 00000000         ; Allocate space for the stack.
   24 00000000         ;
   25 00000000         ;*******************************************************
                       ***********************
   26 00000000                 AREA             STACK, NOINIT, READWRITE, ALIGN
=3
   27 00000000         StackMem
   28 00000000                 SPACE            Stack
   29 00000200         __initial_sp
   30 00000200         
   31 00000200         ;*******************************************************
                       ***********************
   32 00000200         ;
   33 00000200         ; Allocate space for the heap.
   34 00000200         ;
   35 00000200         ;*******************************************************
                       ***********************
   36 00000200                 AREA             HEAP, NOINIT, READWRITE, ALIGN=
3
   37 00000000         __heap_base
   38 00000000         HeapMem
   39 00000000                 SPACE            Heap
   40 00000000         __heap_limit
   41 00000000         
   42 00000000         ;*******************************************************
                       ***********************
   43 00000000         ;
   44 00000000         ; Indicate that the code in this file preserves 8-byte a



ARM Macro Assembler    Page 2 


                       lignment of the stack.
   45 00000000         ;
   46 00000000         ;*******************************************************
                       ***********************
   47 00000000                 PRESERVE8
   48 00000000         
   49 00000000         ;*******************************************************
                       ***********************
   50 00000000         ;
   51 00000000         ; Place code into the reset code section.
   52 00000000         ;
   53 00000000         ;*******************************************************
                       ***********************
   54 00000000                 AREA             RESET, CODE, READONLY
   55 00000000                 THUMB
   56 00000000         ;*******************************************************
                       ***********************
   57 00000000         ;
   58 00000000         ; External declaration for the interrupt handler used by
                        the application.
   59 00000000         ;
   60 00000000         ;*******************************************************
                       ***********************
   61 00000000                 EXTERN           WatchDogHandler
   62 00000000                 EXTERN           SysTickIntHandler
   63 00000000                 EXTERN           ADC0Handler
   64 00000000                 EXTERN           UART0IntHandler
   65 00000000                 EXTERN           UART1IntHandler
   66 00000000                 EXTERN           Timer0AIntHandler
   67 00000000                 EXTERN           Timer0BIntHandler
   68 00000000                 EXTERN           Timer1AIntHandler
   69 00000000                 EXTERN           Timer1BIntHandler
   70 00000000                 EXTERN           Timer2AIntHandler
   71 00000000                 EXTERN           Timer2BIntHandler
   72 00000000                 EXTERN           CANHandler
   73 00000000                 EXTERN           GPIOBHandler
   74 00000000                 EXTERN           GPIOCHandler
   75 00000000                 EXTERN           GPIOFHandler
   76 00000000         ;*******************************************************
                       ***********************
   77 00000000         ;  
   78 00000000         ; The vector table.
   79 00000000         ;
   80 00000000         ;*******************************************************
                       ***********************
   81 00000000                 EXPORT           __Vectors
   82 00000000         __Vectors
   83 00000000 00000200        DCD              StackMem + Stack ; Top of Stack
                                                            
   84 00000004 00000000        DCD              Reset_Handler ; Reset Handler
   85 00000008 00000000        DCD              NmiSR       ; NMI Handler
   86 0000000C 00000000        DCD              FaultISR    ; Hard Fault Handle
                                                            r
   87 00000010 00000000        DCD              IntDefaultHandler 
                                                            ; MPU Fault Handler
                                                            
   88 00000014 00000000        DCD              IntDefaultHandler 
                                                            ; Bus Fault Handler
                                                            



ARM Macro Assembler    Page 3 


   89 00000018 00000000        DCD              IntDefaultHandler ; Usage Fault
                                                             Handler
   90 0000001C 00000000        DCD              0           ; Reserved
   91 00000020 00000000        DCD              0           ; Reserved
   92 00000024 00000000        DCD              0           ; Reserved
   93 00000028 00000000        DCD              0           ; Reserved
   94 0000002C 00000000        DCD              IntDefaultHandler 
                                                            ; SVCall Handler
   95 00000030 00000000        DCD              IntDefaultHandler ; Debug Monit
                                                            or Handler
   96 00000034 00000000        DCD              0           ; Reserved
   97 00000038 00000000        DCD              IntDefaultHandler 
                                                            ; PendSV Handler
   98 0000003C 00000000        DCD              SysTickIntHandler 
                                                            ; SysTick Handler
   99 00000040 00000000        DCD              IntDefaultHandler ; GPIO Port A
                                                            
  100 00000044 00000000        DCD              GPIOBHandler ;IntDefaultHandler
                                                            ; GPIO Port B π‚µ„Õ
                                                            ∑¬ˆ≥Â÷–∂œ¥¶¿Ì
  101 00000048 00000000        DCD              GPIOCHandler ;IntDefaultHandler
                                                            ; GPIO Port C ∞¥º¸÷
                                                            –∂œ
  102 0000004C 00000000        DCD              IntDefaultHandler ; GPIO Port D
                                                            
  103 00000050 00000000        DCD              IntDefaultHandler ; GPIO Port E
                                                            
  104 00000054 00000000        DCD              UART0IntHandler ; UART0
  105 00000058 00000000        DCD              UART1IntHandler ; UART1
  106 0000005C 00000000        DCD              IntDefaultHandler ; SSI
  107 00000060 00000000        DCD              IntDefaultHandler ; I2C
  108 00000064 00000000        DCD              IntDefaultHandler ; PWM Fault
  109 00000068 00000000        DCD              IntDefaultHandler 
                                                            ; PWM Generator 0
  110 0000006C 00000000        DCD              IntDefaultHandler 
                                                            ; PWM Generator 1
  111 00000070 00000000        DCD              IntDefaultHandler 
                                                            ; PWM Generator 2
  112 00000074 00000000        DCD              IntDefaultHandler ; Quadrature 
                                                            Encoder
  113 00000078 00000000        DCD              ADC0Handler ; ADC Sequence 0
  114 0000007C 00000000        DCD              IntDefaultHandler 
                                                            ; ADC Sequence 1
  115 00000080 00000000        DCD              IntDefaultHandler 
                                                            ; ADC Sequence 2
  116 00000084 00000000        DCD              IntDefaultHandler 
                                                            ; ADC Sequence 3
  117 00000088 00000000        DCD              WatchDogHandler ; Watchdog
  118 0000008C 00000000        DCD              Timer0AIntHandler ; Timer 0A
  119 00000090 00000000        DCD              Timer0BIntHandler ; Timer 0B
  120 00000094 00000000        DCD              Timer1AIntHandler ; Timer 1A
  121 00000098 00000000        DCD              Timer1BIntHandler ; Timer 1B
  122 0000009C 00000000        DCD              Timer2AIntHandler ; Timer 2A
  123 000000A0 00000000        DCD              Timer2BIntHandler ; Timer 2B
  124 000000A4 00000000        DCD              IntDefaultHandler ; Comp 0
  125 000000A8 00000000        DCD              IntDefaultHandler ; Comp 1
  126 000000AC 00000000        DCD              IntDefaultHandler ; Comp 2
  127 000000B0 00000000        DCD              IntDefaultHandler 
                                                            ; System Control



ARM Macro Assembler    Page 4 


  128 000000B4 00000000        DCD              IntDefaultHandler 
                                                            ; Flash Control
  129 000000B8 00000000        DCD              GPIOFHandler ; GPIO Port F  –Ë¡
                                                            ø÷‹∆⁄¬ˆ≥Â÷–∂œ  ±∂ŒÕ
                                                            ∂«– ∫œ’¢¬ˆ≥Â
  130 000000BC 00000000        DCD              IntDefaultHandler ; GPIO Port G
                                                            
  131 000000C0 00000000        DCD              IntDefaultHandler ; GPIO Port H
                                                            
  132 000000C4 00000000        DCD              IntDefaultHandler 
                                                            ; UART2 Rx and Tx
  133 000000C8 00000000        DCD              IntDefaultHandler 
                                                            ; SSI1 Rx and Tx
  134 000000CC 00000000        DCD              IntDefaultHandler ; Timer 3 sub
                                                            timer A
  135 000000D0 00000000        DCD              IntDefaultHandler ; Timer 3 sub
                                                            timer B
  136 000000D4 00000000        DCD              IntDefaultHandler ; I2C1 Master
                                                             and Slave
  137 000000D8 00000000        DCD              IntDefaultHandler ; Quadrature 
                                                            Encoder 1
  138 000000DC 00000000        DCD              CANHandler  ; CAN0
  139 000000E0 00000000        DCD              IntDefaultHandler ; CAN1
  140 000000E4 00000000        DCD              IntDefaultHandler ; CAN2
  141 000000E8 00000000        DCD              IntDefaultHandler ; Ethernet
  142 000000EC 00000000        DCD              IntDefaultHandler ; Hibernate
  143 000000F0 00000000        DCD              IntDefaultHandler ; USB0
  144 000000F4 00000000        DCD              IntDefaultHandler 
                                                            ; PWM Generator 3
  145 000000F8 00000000        DCD              IntDefaultHandler ; uDMA Softwa
                                                            re Transfer
  146 000000FC 00000000        DCD              IntDefaultHandler ; uDMA Error
  147 00000100         
  148 00000100         ;*******************************************************
                       ***********************
  149 00000100         ;
  150 00000100         ; This is the code that gets called when the processor f
                       irst starts execution
  151 00000100         ; following a reset event.
  152 00000100         ;
  153 00000100         ;*******************************************************
                       ***********************
  154 00000100                 EXPORT           Reset_Handler
  155 00000100         Reset_Handler
  156 00000100         ;
  157 00000100         ; Call the C library enty point that handles startup.  T
                       his will copy
  158 00000100         ; the .data section initializers from flash to SRAM and 
                       zero fill the
  159 00000100         ; .bss section.
  160 00000100         ;
  161 00000100                 IMPORT           __main
  162 00000100 F7FF BFFE       B                __main
  163 00000104         
  164 00000104         ;*******************************************************
                       ***********************
  165 00000104         ;
  166 00000104         ; This is the code that gets called when the processor r
                       eceives a NMI.  This



ARM Macro Assembler    Page 5 


  167 00000104         ; simply enters an infinite loop, preserving the system 
                       state for examination
  168 00000104         ; by a debugger.
  169 00000104         ;
  170 00000104         ;*******************************************************
                       ***********************
  171 00000104         NmiSR
  172 00000104 E7FE            B                NmiSR
  173 00000106         
  174 00000106         ;*******************************************************
                       ***********************
  175 00000106         ;
  176 00000106         ; This is the code that gets called when the processor r
                       eceives a fault
  177 00000106         ; interrupt.  This simply enters an infinite loop, prese
                       rving the system state
  178 00000106         ; for examination by a debugger.
  179 00000106         ;
  180 00000106         ;*******************************************************
                       ***********************
  181 00000106         FaultISR
  182 00000106 E7FE            B                FaultISR
  183 00000108         
  184 00000108         ;*******************************************************
                       ***********************
  185 00000108         ;
  186 00000108         ; This is the code that gets called when the processor r
                       eceives an unexpected
  187 00000108         ; interrupt.  This simply enters an infinite loop, prese
                       rving the system state
  188 00000108         ; for examination by a debugger.
  189 00000108         ;
  190 00000108         ;*******************************************************
                       ***********************
  191 00000108         IntDefaultHandler
  192 00000108 E7FE            B                IntDefaultHandler
  193 0000010A         
  194 0000010A         ;*******************************************************
                       ***********************
  195 0000010A         ;
  196 0000010A         ; Make sure the end of this section is aligned.
  197 0000010A         ;
  198 0000010A         ;*******************************************************
                       ***********************
  199 0000010A 00 00           ALIGN
  200 0000010C         
  201 0000010C         ;*******************************************************
                       ***********************
  202 0000010C         ;
  203 0000010C         ; Some code in the normal code section for initializing 
                       the heap and stack.
  204 0000010C         ;
  205 0000010C         ;*******************************************************
                       ***********************
  206 0000010C                 AREA             |.text|, CODE, READONLY
  207 00000000         
  208 00000000         ;*******************************************************
                       ***********************
  209 00000000         ;



ARM Macro Assembler    Page 6 


  210 00000000         ; The function expected of the C library startup code fo
                       r defining the stack
  211 00000000         ; and heap memory locations.  For the C library version 
                       of the startup code,
  212 00000000         ; provide this function so that the C library initializa
                       tion code can find out
  213 00000000         ; the location of the stack and heap.
  214 00000000         ;
  215 00000000         ;*******************************************************
                       ***********************
  216 00000000                 IF               :DEF: __MICROLIB
  217 00000000                 EXPORT           __initial_sp
  218 00000000                 EXPORT           __heap_base
  219 00000000                 EXPORT           __heap_limit
  220 00000000                 ELSE
  229                          ENDIF
  230 00000000         
  231 00000000         ;*******************************************************
                       ***********************
  232 00000000         ;
  233 00000000         ; Make sure the end of this section is aligned.
  234 00000000         ;
  235 00000000         ;*******************************************************
                       ***********************
  236 00000000                 ALIGN
  237 00000000         
  238 00000000         ;*******************************************************
                       ***********************
  239 00000000         ;
  240 00000000         ; Tell the assembler that we're done.
  241 00000000         ;
  242 00000000         ;*******************************************************
                       ***********************
  243 00000000                 END
Command Line: --debug --xref --cpu=Cortex-M3 --apcs=interwork -oLM3S21xx_Vect.s
.o -IC:\Keil\ARM\INC -IC:\Keil\ARM\INC\Luminary --predefine="__MICROLIB SETA 1"
 --list=LM3S21xx_Vect.s.lst LM3S21xx_Vect.s.s



ARM Macro Assembler    Page 1 Alphabetic symbol ordering
Relocatable symbols

STACK 00000000

Symbol: STACK
   Definitions
      At line 26 in file LM3S21xx_Vect.s.s
   Uses
      None
Comment: STACK unused
StackMem 00000000

Symbol: StackMem
   Definitions
      At line 27 in file LM3S21xx_Vect.s.s
   Uses
      At line 83 in file LM3S21xx_Vect.s.s
Comment: StackMem used once
__initial_sp 00000200

Symbol: __initial_sp
   Definitions
      At line 29 in file LM3S21xx_Vect.s.s
   Uses
      At line 217 in file LM3S21xx_Vect.s.s
Comment: __initial_sp used once
3 symbols



ARM Macro Assembler    Page 1 Alphabetic symbol ordering
Relocatable symbols

HEAP 00000000

Symbol: HEAP
   Definitions
      At line 36 in file LM3S21xx_Vect.s.s
   Uses
      None
Comment: HEAP unused
HeapMem 00000000

Symbol: HeapMem
   Definitions
      At line 38 in file LM3S21xx_Vect.s.s
   Uses
      None
Comment: HeapMem unused
__heap_base 00000000

Symbol: __heap_base
   Definitions
      At line 37 in file LM3S21xx_Vect.s.s
   Uses
      At line 218 in file LM3S21xx_Vect.s.s
Comment: __heap_base used once
__heap_limit 00000000

Symbol: __heap_limit
   Definitions
      At line 40 in file LM3S21xx_Vect.s.s
   Uses
      At line 219 in file LM3S21xx_Vect.s.s
Comment: __heap_limit used once
4 symbols



ARM Macro Assembler    Page 1 Alphabetic symbol ordering
Relocatable symbols

FaultISR 00000106

Symbol: FaultISR
   Definitions
      At line 181 in file LM3S21xx_Vect.s.s
   Uses
      At line 86 in file LM3S21xx_Vect.s.s
      At line 182 in file LM3S21xx_Vect.s.s

IntDefaultHandler 00000108

Symbol: IntDefaultHandler
   Definitions
      At line 191 in file LM3S21xx_Vect.s.s
   Uses
      At line 87 in file LM3S21xx_Vect.s.s
      At line 88 in file LM3S21xx_Vect.s.s
      At line 89 in file LM3S21xx_Vect.s.s
      At line 94 in file LM3S21xx_Vect.s.s
      At line 95 in file LM3S21xx_Vect.s.s
      At line 97 in file LM3S21xx_Vect.s.s
      At line 99 in file LM3S21xx_Vect.s.s
      At line 102 in file LM3S21xx_Vect.s.s
      At line 103 in file LM3S21xx_Vect.s.s
      At line 106 in file LM3S21xx_Vect.s.s
      At line 107 in file LM3S21xx_Vect.s.s
      At line 108 in file LM3S21xx_Vect.s.s
      At line 109 in file LM3S21xx_Vect.s.s
      At line 110 in file LM3S21xx_Vect.s.s
      At line 111 in file LM3S21xx_Vect.s.s
      At line 112 in file LM3S21xx_Vect.s.s
      At line 114 in file LM3S21xx_Vect.s.s
      At line 115 in file LM3S21xx_Vect.s.s
      At line 116 in file LM3S21xx_Vect.s.s
      At line 124 in file LM3S21xx_Vect.s.s
      At line 125 in file LM3S21xx_Vect.s.s
      At line 126 in file LM3S21xx_Vect.s.s
      At line 127 in file LM3S21xx_Vect.s.s
      At line 128 in file LM3S21xx_Vect.s.s
      At line 130 in file LM3S21xx_Vect.s.s
      At line 131 in file LM3S21xx_Vect.s.s
      At line 132 in file LM3S21xx_Vect.s.s
      At line 133 in file LM3S21xx_Vect.s.s
      At line 134 in file LM3S21xx_Vect.s.s
      At line 135 in file LM3S21xx_Vect.s.s
      At line 136 in file LM3S21xx_Vect.s.s
      At line 137 in file LM3S21xx_Vect.s.s
      At line 139 in file LM3S21xx_Vect.s.s
      At line 140 in file LM3S21xx_Vect.s.s
      At line 141 in file LM3S21xx_Vect.s.s
      At line 142 in file LM3S21xx_Vect.s.s
      At line 143 in file LM3S21xx_Vect.s.s
      At line 144 in file LM3S21xx_Vect.s.s
      At line 145 in file LM3S21xx_Vect.s.s
      At line 146 in file LM3S21xx_Vect.s.s
      At line 192 in file LM3S21xx_Vect.s.s

NmiSR 00000104




ARM Macro Assembler    Page 2 Alphabetic symbol ordering
Relocatable symbols

Symbol: NmiSR
   Definitions
      At line 171 in file LM3S21xx_Vect.s.s
   Uses
      At line 85 in file LM3S21xx_Vect.s.s
      At line 172 in file LM3S21xx_Vect.s.s

RESET 00000000

Symbol: RESET
   Definitions
      At line 54 in file LM3S21xx_Vect.s.s
   Uses
      None
Comment: RESET unused
Reset_Handler 00000100

Symbol: Reset_Handler
   Definitions
      At line 155 in file LM3S21xx_Vect.s.s
   Uses
      At line 84 in file LM3S21xx_Vect.s.s
      At line 154 in file LM3S21xx_Vect.s.s

__Vectors 00000000

Symbol: __Vectors
   Definitions
      At line 82 in file LM3S21xx_Vect.s.s
   Uses
      At line 81 in file LM3S21xx_Vect.s.s
Comment: __Vectors used once
6 symbols



ARM Macro Assembler    Page 1 Alphabetic symbol ordering
Relocatable symbols

.text 00000000

Symbol: .text
   Definitions
      At line 206 in file LM3S21xx_Vect.s.s
   Uses
      None
Comment: .text unused
1 symbol



ARM Macro Assembler    Page 1 Alphabetic symbol ordering
Absolute symbols

Heap 00000000

Symbol: Heap
   Definitions
      At line 19 in file LM3S21xx_Vect.s.s
   Uses
      At line 39 in file LM3S21xx_Vect.s.s
Comment: Heap used once
Stack 00000200

Symbol: Stack
   Definitions
      At line 12 in file LM3S21xx_Vect.s.s
   Uses
      At line 28 in file LM3S21xx_Vect.s.s
      At line 83 in file LM3S21xx_Vect.s.s

2 symbols



ARM Macro Assembler    Page 1 Alphabetic symbol ordering
External symbols

ADC0Handler 00000000

Symbol: ADC0Handler
   Definitions
      At line 63 in file LM3S21xx_Vect.s.s
   Uses
      At line 113 in file LM3S21xx_Vect.s.s
Comment: ADC0Handler used once
CANHandler 00000000

Symbol: CANHandler
   Definitions
      At line 72 in file LM3S21xx_Vect.s.s
   Uses
      At line 138 in file LM3S21xx_Vect.s.s
Comment: CANHandler used once
GPIOBHandler 00000000

Symbol: GPIOBHandler
   Definitions
      At line 73 in file LM3S21xx_Vect.s.s
   Uses
      At line 100 in file LM3S21xx_Vect.s.s
Comment: GPIOBHandler used once
GPIOCHandler 00000000

Symbol: GPIOCHandler
   Definitions
      At line 74 in file LM3S21xx_Vect.s.s
   Uses
      At line 101 in file LM3S21xx_Vect.s.s
Comment: GPIOCHandler used once
GPIOFHandler 00000000

Symbol: GPIOFHandler
   Definitions
      At line 75 in file LM3S21xx_Vect.s.s
   Uses
      At line 129 in file LM3S21xx_Vect.s.s
Comment: GPIOFHandler used once
SysTickIntHandler 00000000

Symbol: SysTickIntHandler
   Definitions
      At line 62 in file LM3S21xx_Vect.s.s
   Uses
      At line 98 in file LM3S21xx_Vect.s.s
Comment: SysTickIntHandler used once
Timer0AIntHandler 00000000

Symbol: Timer0AIntHandler
   Definitions
      At line 66 in file LM3S21xx_Vect.s.s
   Uses
      At line 118 in file LM3S21xx_Vect.s.s
Comment: Timer0AIntHandler used once
Timer0BIntHandler 00000000

Symbol: Timer0BIntHandler



ARM Macro Assembler    Page 2 Alphabetic symbol ordering
External symbols

   Definitions
      At line 67 in file LM3S21xx_Vect.s.s
   Uses
      At line 119 in file LM3S21xx_Vect.s.s
Comment: Timer0BIntHandler used once
Timer1AIntHandler 00000000

Symbol: Timer1AIntHandler
   Definitions
      At line 68 in file LM3S21xx_Vect.s.s
   Uses
      At line 120 in file LM3S21xx_Vect.s.s
Comment: Timer1AIntHandler used once
Timer1BIntHandler 00000000

Symbol: Timer1BIntHandler
   Definitions
      At line 69 in file LM3S21xx_Vect.s.s
   Uses
      At line 121 in file LM3S21xx_Vect.s.s
Comment: Timer1BIntHandler used once
Timer2AIntHandler 00000000

Symbol: Timer2AIntHandler
   Definitions
      At line 70 in file LM3S21xx_Vect.s.s
   Uses
      At line 122 in file LM3S21xx_Vect.s.s
Comment: Timer2AIntHandler used once
Timer2BIntHandler 00000000

Symbol: Timer2BIntHandler
   Definitions
      At line 71 in file LM3S21xx_Vect.s.s
   Uses
      At line 123 in file LM3S21xx_Vect.s.s
Comment: Timer2BIntHandler used once
UART0IntHandler 00000000

Symbol: UART0IntHandler
   Definitions
      At line 64 in file LM3S21xx_Vect.s.s
   Uses
      At line 104 in file LM3S21xx_Vect.s.s
Comment: UART0IntHandler used once
UART1IntHandler 00000000

Symbol: UART1IntHandler
   Definitions
      At line 65 in file LM3S21xx_Vect.s.s
   Uses
      At line 105 in file LM3S21xx_Vect.s.s
Comment: UART1IntHandler used once
WatchDogHandler 00000000

Symbol: WatchDogHandler
   Definitions
      At line 61 in file LM3S21xx_Vect.s.s
   Uses



ARM Macro Assembler    Page 3 Alphabetic symbol ordering
External symbols

      At line 117 in file LM3S21xx_Vect.s.s
Comment: WatchDogHandler used once
__main 00000000

Symbol: __main
   Definitions
      At line 161 in file LM3S21xx_Vect.s.s
   Uses
      At line 162 in file LM3S21xx_Vect.s.s
Comment: __main used once
16 symbols
352 symbols in table
